<?xml version="1.0" encoding="UTF-8"?>
<testng-results ignored="0" total="10" passed="10" failed="0" skipped="0">
  <reporter-output>
  </reporter-output>
  <suite started-at="2022-01-21T16:35:17 IST" name="Default suite" finished-at="2022-01-21T16:38:58 IST" duration-ms="221255">
    <groups>
      <group name="cucumber">
        <method signature="AbstractTestNGCucumberTests.runScenario(io.cucumber.testng.PickleWrapper, io.cucumber.testng.FeatureWrapper)[pri:0, instance:com.mindtree.runner.BDDTestRunner@2892dae4]" name="runScenario" class="io.cucumber.testng.AbstractTestNGCucumberTests"/>
      </group> <!-- cucumber -->
    </groups>
    <test started-at="2022-01-21T16:35:17 IST" name="Default test" finished-at="2022-01-21T16:38:58 IST" duration-ms="221255">
      <class name="com.mindtree.runner.BDDTestRunner">
        <test-method is-config="true" signature="setUpClass(org.testng.ITestContext)[pri:0, instance:com.mindtree.runner.BDDTestRunner@2892dae4]" started-at="2022-01-21T16:35:17 IST" name="setUpClass" finished-at="2022-01-21T16:35:17 IST" duration-ms="518" status="PASS">
          <params>
            <param index="0">
              <value>
                <![CDATA[org.testng.TestRunner@4a22e4d7]]>
              </value>
            </param>
          </params>
          <reporter-output>
          </reporter-output>
        </test-method> <!-- setUpClass -->
        <test-method signature="runScenario(io.cucumber.testng.PickleWrapper, io.cucumber.testng.FeatureWrapper)[pri:0, instance:com.mindtree.runner.BDDTestRunner@2892dae4]" started-at="2022-01-21T16:35:17 IST" name="runScenario" description="Runs Cucumber Scenarios" data-provider="scenarios" finished-at="2022-01-21T16:36:01 IST" duration-ms="44143" status="PASS">
          <params>
            <param index="0">
              <value>
                <![CDATA["corporate car rental page"]]>
              </value>
            </param>
            <param index="1">
              <value>
                <![CDATA["Optional[Corporate car rental]"]]>
              </value>
            </param>
          </params>
          <reporter-output>
          </reporter-output>
        </test-method> <!-- runScenario -->
        <test-method signature="runScenario(io.cucumber.testng.PickleWrapper, io.cucumber.testng.FeatureWrapper)[pri:0, instance:com.mindtree.runner.BDDTestRunner@2892dae4]" started-at="2022-01-21T16:36:01 IST" name="runScenario" description="Runs Cucumber Scenarios" data-provider="scenarios" finished-at="2022-01-21T16:36:31 IST" duration-ms="29958" status="PASS">
          <params>
            <param index="0">
              <value>
                <![CDATA["selecting chen-trl in in onewaycab"]]>
              </value>
            </param>
            <param index="1">
              <value>
                <![CDATA["Optional[Oneway cab page]"]]>
              </value>
            </param>
          </params>
          <reporter-output>
          </reporter-output>
        </test-method> <!-- runScenario -->
        <test-method signature="runScenario(io.cucumber.testng.PickleWrapper, io.cucumber.testng.FeatureWrapper)[pri:0, instance:com.mindtree.runner.BDDTestRunner@2892dae4]" started-at="2022-01-21T16:36:31 IST" name="runScenario" description="Runs Cucumber Scenarios" data-provider="scenarios" finished-at="2022-01-21T16:36:44 IST" duration-ms="12617" status="PASS">
          <params>
            <param index="0">
              <value>
                <![CDATA["Validating With valid Email And Password"]]>
              </value>
            </param>
            <param index="1">
              <value>
                <![CDATA["Optional[Log in Validation]"]]>
              </value>
            </param>
          </params>
          <reporter-output>
          </reporter-output>
        </test-method> <!-- runScenario -->
        <test-method signature="runScenario(io.cucumber.testng.PickleWrapper, io.cucumber.testng.FeatureWrapper)[pri:0, instance:com.mindtree.runner.BDDTestRunner@2892dae4]" started-at="2022-01-21T16:36:44 IST" name="runScenario" description="Runs Cucumber Scenarios" data-provider="scenarios" finished-at="2022-01-21T16:37:21 IST" duration-ms="37214" status="PASS">
          <params>
            <param index="0">
              <value>
                <![CDATA["signout application"]]>
              </value>
            </param>
            <param index="1">
              <value>
                <![CDATA["Optional[signout app]"]]>
              </value>
            </param>
          </params>
          <reporter-output>
          </reporter-output>
        </test-method> <!-- runScenario -->
        <test-method signature="runScenario(io.cucumber.testng.PickleWrapper, io.cucumber.testng.FeatureWrapper)[pri:0, instance:com.mindtree.runner.BDDTestRunner@2892dae4]" started-at="2022-01-21T16:37:21 IST" name="runScenario" description="Runs Cucumber Scenarios" data-provider="scenarios" finished-at="2022-01-21T16:37:47 IST" duration-ms="26156" status="PASS">
          <params>
            <param index="0">
              <value>
                <![CDATA["selecting car in airport"]]>
              </value>
            </param>
            <param index="1">
              <value>
                <![CDATA["Optional[airport book]"]]>
              </value>
            </param>
          </params>
          <reporter-output>
          </reporter-output>
        </test-method> <!-- runScenario -->
        <test-method signature="runScenario(io.cucumber.testng.PickleWrapper, io.cucumber.testng.FeatureWrapper)[pri:0, instance:com.mindtree.runner.BDDTestRunner@2892dae4]" started-at="2022-01-21T16:37:47 IST" name="runScenario" description="Runs Cucumber Scenarios" data-provider="scenarios" finished-at="2022-01-21T16:38:00 IST" duration-ms="12797" status="PASS">
          <params>
            <param index="0">
              <value>
                <![CDATA["verify download app"]]>
              </value>
            </param>
            <param index="1">
              <value>
                <![CDATA["Optional[download app]"]]>
              </value>
            </param>
          </params>
          <reporter-output>
          </reporter-output>
        </test-method> <!-- runScenario -->
        <test-method signature="runScenario(io.cucumber.testng.PickleWrapper, io.cucumber.testng.FeatureWrapper)[pri:0, instance:com.mindtree.runner.BDDTestRunner@2892dae4]" started-at="2022-01-21T16:38:00 IST" name="runScenario" description="Runs Cucumber Scenarios" data-provider="scenarios" finished-at="2022-01-21T16:38:13 IST" duration-ms="12576" status="PASS">
          <params>
            <param index="0">
              <value>
                <![CDATA["selecting car in local"]]>
              </value>
            </param>
            <param index="1">
              <value>
                <![CDATA["Optional[local book]"]]>
              </value>
            </param>
          </params>
          <reporter-output>
          </reporter-output>
        </test-method> <!-- runScenario -->
        <test-method signature="runScenario(io.cucumber.testng.PickleWrapper, io.cucumber.testng.FeatureWrapper)[pri:0, instance:com.mindtree.runner.BDDTestRunner@2892dae4]" started-at="2022-01-21T16:38:13 IST" name="runScenario" description="Runs Cucumber Scenarios" data-provider="scenarios" finished-at="2022-01-21T16:38:33 IST" duration-ms="20479" status="PASS">
          <params>
            <param index="0">
              <value>
                <![CDATA["selecting car in outstation"]]>
              </value>
            </param>
            <param index="1">
              <value>
                <![CDATA["Optional[Outstation book]"]]>
              </value>
            </param>
          </params>
          <reporter-output>
          </reporter-output>
        </test-method> <!-- runScenario -->
        <test-method signature="runScenario(io.cucumber.testng.PickleWrapper, io.cucumber.testng.FeatureWrapper)[pri:0, instance:com.mindtree.runner.BDDTestRunner@2892dae4]" started-at="2022-01-21T16:38:33 IST" name="runScenario" description="Runs Cucumber Scenarios" data-provider="scenarios" finished-at="2022-01-21T16:38:51 IST" duration-ms="17999" status="PASS">
          <params>
            <param index="0">
              <value>
                <![CDATA["selecting car in roundtrip"]]>
              </value>
            </param>
            <param index="1">
              <value>
                <![CDATA["Optional[roundtrip book]"]]>
              </value>
            </param>
          </params>
          <reporter-output>
          </reporter-output>
        </test-method> <!-- runScenario -->
        <test-method signature="runScenario(io.cucumber.testng.PickleWrapper, io.cucumber.testng.FeatureWrapper)[pri:0, instance:com.mindtree.runner.BDDTestRunner@2892dae4]" started-at="2022-01-21T16:38:51 IST" name="runScenario" description="Runs Cucumber Scenarios" data-provider="scenarios" finished-at="2022-01-21T16:38:58 IST" duration-ms="6729" status="PASS">
          <params>
            <param index="0">
              <value>
                <![CDATA["validate the page title"]]>
              </value>
            </param>
            <param index="1">
              <value>
                <![CDATA["Optional[Validate Page]"]]>
              </value>
            </param>
          </params>
          <reporter-output>
          </reporter-output>
        </test-method> <!-- runScenario -->
        <test-method is-config="true" signature="tearDownClass()[pri:0, instance:com.mindtree.runner.BDDTestRunner@2892dae4]" started-at="2022-01-21T16:38:58 IST" name="tearDownClass" finished-at="2022-01-21T16:38:58 IST" duration-ms="4" status="PASS">
          <reporter-output>
          </reporter-output>
        </test-method> <!-- tearDownClass -->
      </class> <!-- com.mindtree.runner.BDDTestRunner -->
    </test> <!-- Default test -->
  </suite> <!-- Default suite -->
</testng-results>
